0 info it worked if it ends with ok
1 verbose cli [ 'C:\\Program Files\\nodejs\\node.exe',
1 verbose cli   'C:\\Program Files\\nodejs\\node_modules\\npm\\bin\\npm-cli.js',
1 verbose cli   'run',
1 verbose cli   'start' ]
2 info using npm@3.10.10
3 info using node@v6.10.1
4 verbose run-script [ 'prestart', 'start', 'poststart' ]
5 info lifecycle bowersson@1.0.0~prestart: bowersson@1.0.0
6 silly lifecycle bowersson@1.0.0~prestart: no script for prestart, continuing
7 info lifecycle bowersson@1.0.0~start: bowersson@1.0.0
8 verbose lifecycle bowersson@1.0.0~start: unsafe-perm in lifecycle true
9 verbose lifecycle bowersson@1.0.0~start: PATH: C:\Program Files\nodejs\node_modules\npm\bin\node-gyp-bin;C:\Users\fuzz\Desktop\angular-nackademin\node_modules\.bin;C:\ProgramData\Oracle\Java\javapath;C:\Program Files\Broadcom\Broadcom 802.11 Network Adapter\Driver;C:\Program Files (x86)\Intel\iCLS Client\;C:\Program Files\Intel\iCLS Client\;C:\Windows\system32;C:\Windows;C:\Windows\System32\Wbem;C:\Windows\System32\WindowsPowerShell\v1.0\;C:\Program Files\Intel\Intel(R) Management Engine Components\DAL;C:\Program Files (x86)\Intel\Intel(R) Management Engine Components\DAL;C:\Program Files\Intel\Intel(R) Management Engine Components\IPT;C:\Program Files (x86)\Intel\Intel(R) Management Engine Components\IPT;C:\Program Files\WIDCOMM\Bluetooth Software\;C:\Program Files\WIDCOMM\Bluetooth Software\syswow64;C:\Program Files (x86)\ATI Technologies\ATI.ACE\Core-Static;C:\Users\fuzz\.dnx\bin;C:\Program Files\Microsoft DNX\Dnvm\;C:\Program Files\Microsoft SQL Server\130\Tools\Binn\;C:\Program Files (x86)\AMD\ATI.ACE\Core-Static;C:\Program Files\Git\cmd;C:\Users\fuzz\AppData\Local\atom\app-1.11.1;C:\Program Files\Git\cmd\git.exe;C:\Program Files\Perforce;C:\Program Files\Git\bin\sh.exe;C:\Program Files\MySQL\MySQL Utilities 1.6\;C:\Program Files (x86)\Brackets\command;C:\Program Files\OpenSSH\bin;C:\Program Files\nodejs\;C:\Program Files\Java\jdk1.8.0_91\bin;C:\Program Files (x86)\Microsoft VS Code\bin;C:\Users\fuzz\AppData\Local\atom\bin;C:\sqlite\;C:\Users\fuzz\AppData\Roaming\npm
10 verbose lifecycle bowersson@1.0.0~start: CWD: C:\Users\fuzz\Desktop\angular-nackademin
11 silly lifecycle bowersson@1.0.0~start: Args: [ '/d /s /c', 'lite-server' ]
12 silly lifecycle bowersson@1.0.0~start: Returned: code: 3221225786  signal: null
13 info lifecycle bowersson@1.0.0~start: Failed to exec start script
14 verbose stack Error: bowersson@1.0.0 start: `lite-server`
14 verbose stack Exit status 3221225786
14 verbose stack     at EventEmitter.<anonymous> (C:\Program Files\nodejs\node_modules\npm\lib\utils\lifecycle.js:255:16)
14 verbose stack     at emitTwo (events.js:106:13)
14 verbose stack     at EventEmitter.emit (events.js:191:7)
14 verbose stack     at ChildProcess.<anonymous> (C:\Program Files\nodejs\node_modules\npm\lib\utils\spawn.js:40:14)
14 verbose stack     at emitTwo (events.js:106:13)
14 verbose stack     at ChildProcess.emit (events.js:191:7)
14 verbose stack     at maybeClose (internal/child_process.js:886:16)
14 verbose stack     at Process.ChildProcess._handle.onexit (internal/child_process.js:226:5)
15 verbose pkgid bowersson@1.0.0
16 verbose cwd C:\Users\fuzz\Desktop\angular-nackademin
17 error Windows_NT 6.1.7601
18 error argv "C:\\Program Files\\nodejs\\node.exe" "C:\\Program Files\\nodejs\\node_modules\\npm\\bin\\npm-cli.js" "run" "start"
19 error node v6.10.1
20 error npm  v3.10.10
21 error code ELIFECYCLE
22 error bowersson@1.0.0 start: `lite-server`
22 error Exit status 3221225786
23 error Failed at the bowersson@1.0.0 start script 'lite-server'.
23 error Make sure you have the latest version of node.js and npm installed.
23 error If you do, this is most likely a problem with the bowersson package,
23 error not with npm itself.
23 error Tell the author that this fails on your system:
23 error     lite-server
23 error You can get information on how to open an issue for this project with:
23 error     npm bugs bowersson
23 error Or if that isn't available, you can get their info via:
23 error     npm owner ls bowersson
23 error There is likely additional logging output above.
24 verbose exit [ 1, true ]
